[2022-03-13T19:20:23.286] [WARN] myWarn - Password incorrecto!
[2022-03-13T19:27:08.956] [WARN] myWarn - Password incorrecto!
[2022-03-13T19:42:22.396] [WARN] myWarn - Unhandled Rejection at: ReferenceError: username is not defined
    at Object.login (E:\Users\Fede\Documents\DESA\backend\backend\controllers\usuarioController.js:12:61)
    at Strategy._verify (E:\Users\Fede\Documents\DESA\backend\backend\auth\passport.js:19:27)
    at Strategy.authenticate (E:\Users\Fede\Documents\DESA\backend\backend\node_modules\passport-local\lib\strategy.js:88:12)
    at attempt (E:\Users\Fede\Documents\DESA\backend\backend\node_modules\passport\lib\middleware\authenticate.js:369:16)
    at authenticate (E:\Users\Fede\Documents\DESA\backend\backend\node_modules\passport\lib\middleware\authenticate.js:370:7)
    at Layer.handle [as handle_request] (E:\Users\Fede\Documents\DESA\backend\backend\node_modules\express\lib\router\layer.js:95:5)
    at next (E:\Users\Fede\Documents\DESA\backend\backend\node_modules\express\lib\router\route.js:137:13)
    at Route.dispatch (E:\Users\Fede\Documents\DESA\backend\backend\node_modules\express\lib\router\route.js:112:3)
    at Layer.handle [as handle_request] (E:\Users\Fede\Documents\DESA\backend\backend\node_modules\express\lib\router\layer.js:95:5)
    at E:\Users\Fede\Documents\DESA\backend\backend\node_modules\express\lib\router\index.js:281:22
[2022-03-13T19:47:54.599] [WARN] myWarn - Password incorrecto!
[2022-03-13T19:47:55.177] [WARN] myWarn - Unhandled Rejection at: ReferenceError: done is not defined
    at Object.login (E:\Users\Fede\Documents\DESA\backend\backend\controllers\usuarioController.js:22:13)
    at processTicksAndRejections (node:internal/process/task_queues:96:5)
[2022-03-13T19:48:34.472] [WARN] myWarn - Password incorrecto!
[2022-03-13T21:07:12.432] [WARN] myWarn - Unhandled Rejection at: Error: "id" es un campo requerido
    at Mensaje.set id [as id] (E:\Users\Fede\Documents\DESA\backend\backend\modelos\Mensaje.js:17:24)
    at new Mensaje (E:\Users\Fede\Documents\DESA\backend\backend\modelos\Mensaje.js:8:17)
    at asModel (E:\Users\Fede\Documents\DESA\backend\backend\mappers\mensajesMapper.js:29:21)
    at E:\Users\Fede\Documents\DESA\backend\backend\mappers\mensajesMapper.js:34:37
    at Array.map (<anonymous>)
    at asModels (E:\Users\Fede\Documents\DESA\backend\backend\mappers\mensajesMapper.js:34:28)
    at MensajesRepo.getAll (E:\Users\Fede\Documents\DESA\backend\backend\repositorios\MensajesRepo.js:17:26)
    at processTicksAndRejections (node:internal/process/task_queues:96:5)
    at async MensajesApi.getAll (E:\Users\Fede\Documents\DESA\backend\backend\controllers\mensajesController.js:24:26)
    at async E:\Users\Fede\Documents\DESA\backend\backend\services\sockets.js:12:28
[2022-03-13T21:10:08.214] [WARN] myWarn - Unhandled Rejection at: Error: "id" es un campo requerido
    at Mensaje.set id [as id] (E:\Users\Fede\Documents\DESA\backend\backend\modelos\Mensaje.js:17:24)
    at new Mensaje (E:\Users\Fede\Documents\DESA\backend\backend\modelos\Mensaje.js:8:17)
    at asModel (E:\Users\Fede\Documents\DESA\backend\backend\mappers\mensajesMapper.js:29:21)
    at E:\Users\Fede\Documents\DESA\backend\backend\mappers\mensajesMapper.js:34:37
    at Array.map (<anonymous>)
    at asModels (E:\Users\Fede\Documents\DESA\backend\backend\mappers\mensajesMapper.js:34:28)
    at MensajesRepo.getAll (E:\Users\Fede\Documents\DESA\backend\backend\repositorios\MensajesRepo.js:17:26)
    at processTicksAndRejections (node:internal/process/task_queues:96:5)
    at async MensajesApi.getAll (E:\Users\Fede\Documents\DESA\backend\backend\controllers\mensajesController.js:24:26)
    at async E:\Users\Fede\Documents\DESA\backend\backend\services\sockets.js:12:28
[2022-03-13T21:11:37.771] [WARN] myWarn - Unhandled Rejection at: Error: "id" es un campo requerido
    at Mensaje.set id [as id] (E:\Users\Fede\Documents\DESA\backend\backend\modelos\Mensaje.js:17:24)
    at new Mensaje (E:\Users\Fede\Documents\DESA\backend\backend\modelos\Mensaje.js:8:17)
    at asModel (E:\Users\Fede\Documents\DESA\backend\backend\mappers\mensajesMapper.js:29:21)
    at E:\Users\Fede\Documents\DESA\backend\backend\mappers\mensajesMapper.js:34:37
    at Array.map (<anonymous>)
    at asModels (E:\Users\Fede\Documents\DESA\backend\backend\mappers\mensajesMapper.js:34:28)
    at MensajesRepo.getAll (E:\Users\Fede\Documents\DESA\backend\backend\repositorios\MensajesRepo.js:17:26)
    at processTicksAndRejections (node:internal/process/task_queues:96:5)
    at async MensajesApi.getAll (E:\Users\Fede\Documents\DESA\backend\backend\controllers\mensajesController.js:24:26)
    at async E:\Users\Fede\Documents\DESA\backend\backend\services\sockets.js:12:28
[2022-03-13T21:11:41.765] [WARN] myWarn - Unhandled Rejection at: Error: "id" es un campo requerido
    at Mensaje.set id [as id] (E:\Users\Fede\Documents\DESA\backend\backend\modelos\Mensaje.js:17:24)
    at new Mensaje (E:\Users\Fede\Documents\DESA\backend\backend\modelos\Mensaje.js:8:17)
    at asModel (E:\Users\Fede\Documents\DESA\backend\backend\mappers\mensajesMapper.js:29:21)
    at E:\Users\Fede\Documents\DESA\backend\backend\mappers\mensajesMapper.js:34:37
    at Array.map (<anonymous>)
    at asModels (E:\Users\Fede\Documents\DESA\backend\backend\mappers\mensajesMapper.js:34:28)
    at MensajesRepo.getAll (E:\Users\Fede\Documents\DESA\backend\backend\repositorios\MensajesRepo.js:17:26)
    at processTicksAndRejections (node:internal/process/task_queues:96:5)
    at async MensajesApi.getAll (E:\Users\Fede\Documents\DESA\backend\backend\controllers\mensajesController.js:24:26)
    at async E:\Users\Fede\Documents\DESA\backend\backend\services\sockets.js:12:28
[2022-03-13T21:11:53.757] [WARN] myWarn - Unhandled Rejection at: Error: "id" es un campo requerido
    at Mensaje.set id [as id] (E:\Users\Fede\Documents\DESA\backend\backend\modelos\Mensaje.js:17:24)
    at new Mensaje (E:\Users\Fede\Documents\DESA\backend\backend\modelos\Mensaje.js:8:17)
    at asModel (E:\Users\Fede\Documents\DESA\backend\backend\mappers\mensajesMapper.js:29:21)
    at E:\Users\Fede\Documents\DESA\backend\backend\mappers\mensajesMapper.js:34:37
    at Array.map (<anonymous>)
    at asModels (E:\Users\Fede\Documents\DESA\backend\backend\mappers\mensajesMapper.js:34:28)
    at MensajesRepo.getAll (E:\Users\Fede\Documents\DESA\backend\backend\repositorios\MensajesRepo.js:17:26)
    at processTicksAndRejections (node:internal/process/task_queues:96:5)
    at async MensajesApi.getAll (E:\Users\Fede\Documents\DESA\backend\backend\controllers\mensajesController.js:24:26)
    at async E:\Users\Fede\Documents\DESA\backend\backend\services\sockets.js:12:28
[2022-03-13T21:14:21.299] [WARN] myWarn - Unhandled Rejection at: Error: "id" es un campo requerido
    at Mensaje.set id [as id] (E:\Users\Fede\Documents\DESA\backend\backend\modelos\Mensaje.js:17:24)
    at new Mensaje (E:\Users\Fede\Documents\DESA\backend\backend\modelos\Mensaje.js:8:17)
    at asModel (E:\Users\Fede\Documents\DESA\backend\backend\mappers\mensajesMapper.js:29:21)
    at E:\Users\Fede\Documents\DESA\backend\backend\mappers\mensajesMapper.js:34:37
    at Array.map (<anonymous>)
    at asModels (E:\Users\Fede\Documents\DESA\backend\backend\mappers\mensajesMapper.js:34:28)
    at MensajesRepo.getAll (E:\Users\Fede\Documents\DESA\backend\backend\repositorios\MensajesRepo.js:17:26)
    at processTicksAndRejections (node:internal/process/task_queues:96:5)
    at async MensajesApi.getAll (E:\Users\Fede\Documents\DESA\backend\backend\controllers\mensajesController.js:24:26)
    at async E:\Users\Fede\Documents\DESA\backend\backend\services\sockets.js:12:28
[2022-03-13T21:15:36.085] [WARN] myWarn - Unhandled Rejection at: Error: "id" es un campo requerido
    at Mensaje.set id [as id] (E:\Users\Fede\Documents\DESA\backend\backend\modelos\Mensaje.js:17:24)
    at new Mensaje (E:\Users\Fede\Documents\DESA\backend\backend\modelos\Mensaje.js:8:17)
    at asModel (E:\Users\Fede\Documents\DESA\backend\backend\mappers\mensajesMapper.js:29:21)
    at E:\Users\Fede\Documents\DESA\backend\backend\mappers\mensajesMapper.js:34:37
    at Array.map (<anonymous>)
    at asModels (E:\Users\Fede\Documents\DESA\backend\backend\mappers\mensajesMapper.js:34:28)
    at MensajesRepo.getAll (E:\Users\Fede\Documents\DESA\backend\backend\repositorios\MensajesRepo.js:17:26)
    at processTicksAndRejections (node:internal/process/task_queues:96:5)
    at async MensajesApi.getAll (E:\Users\Fede\Documents\DESA\backend\backend\controllers\mensajesController.js:24:26)
    at async E:\Users\Fede\Documents\DESA\backend\backend\services\sockets.js:12:28
[2022-03-13T21:17:02.228] [WARN] myWarn - Unhandled Rejection at: Error: "id" es un campo requerido
    at Mensaje.set id [as id] (E:\Users\Fede\Documents\DESA\backend\backend\modelos\Mensaje.js:17:24)
    at new Mensaje (E:\Users\Fede\Documents\DESA\backend\backend\modelos\Mensaje.js:8:17)
    at asModel (E:\Users\Fede\Documents\DESA\backend\backend\mappers\mensajesMapper.js:29:21)
    at E:\Users\Fede\Documents\DESA\backend\backend\mappers\mensajesMapper.js:34:37
    at Array.map (<anonymous>)
    at asModels (E:\Users\Fede\Documents\DESA\backend\backend\mappers\mensajesMapper.js:34:28)
    at MensajesRepo.getAll (E:\Users\Fede\Documents\DESA\backend\backend\repositorios\MensajesRepo.js:17:26)
    at processTicksAndRejections (node:internal/process/task_queues:96:5)
    at async MensajesApi.getAll (E:\Users\Fede\Documents\DESA\backend\backend\controllers\mensajesController.js:24:26)
    at async E:\Users\Fede\Documents\DESA\backend\backend\services\sockets.js:12:28
[2022-03-13T21:19:13.557] [WARN] myWarn - Unhandled Rejection at: Error: "id" es un campo requerido
    at Mensaje.set id [as id] (E:\Users\Fede\Documents\DESA\backend\backend\modelos\Mensaje.js:17:24)
    at new Mensaje (E:\Users\Fede\Documents\DESA\backend\backend\modelos\Mensaje.js:8:17)
    at asModel (E:\Users\Fede\Documents\DESA\backend\backend\mappers\mensajesMapper.js:29:21)
    at E:\Users\Fede\Documents\DESA\backend\backend\mappers\mensajesMapper.js:34:37
    at Array.map (<anonymous>)
    at asModels (E:\Users\Fede\Documents\DESA\backend\backend\mappers\mensajesMapper.js:34:28)
    at MensajesRepo.getAll (E:\Users\Fede\Documents\DESA\backend\backend\repositorios\MensajesRepo.js:17:26)
    at processTicksAndRejections (node:internal/process/task_queues:96:5)
    at async MensajesApi.getAll (E:\Users\Fede\Documents\DESA\backend\backend\controllers\mensajesController.js:24:26)
    at async E:\Users\Fede\Documents\DESA\backend\backend\services\sockets.js:12:28
[2022-03-13T21:19:15.167] [WARN] myWarn - Unhandled Rejection at: Error: "id" es un campo requerido
    at Mensaje.set id [as id] (E:\Users\Fede\Documents\DESA\backend\backend\modelos\Mensaje.js:17:24)
    at new Mensaje (E:\Users\Fede\Documents\DESA\backend\backend\modelos\Mensaje.js:8:17)
    at asModel (E:\Users\Fede\Documents\DESA\backend\backend\mappers\mensajesMapper.js:29:21)
    at E:\Users\Fede\Documents\DESA\backend\backend\mappers\mensajesMapper.js:34:37
    at Array.map (<anonymous>)
    at asModels (E:\Users\Fede\Documents\DESA\backend\backend\mappers\mensajesMapper.js:34:28)
    at MensajesRepo.getAll (E:\Users\Fede\Documents\DESA\backend\backend\repositorios\MensajesRepo.js:17:26)
    at processTicksAndRejections (node:internal/process/task_queues:96:5)
    at async MensajesApi.getAll (E:\Users\Fede\Documents\DESA\backend\backend\controllers\mensajesController.js:24:26)
    at async E:\Users\Fede\Documents\DESA\backend\backend\services\sockets.js:12:28
[2022-03-13T21:19:28.211] [WARN] myWarn - Unhandled Rejection at: TypeError: Assignment to constant variable.
    at MensajesRepo.getAll (E:\Users\Fede\Documents\DESA\backend\backend\repositorios\MensajesRepo.js:18:13)
    at processTicksAndRejections (node:internal/process/task_queues:96:5)
    at async MensajesApi.getAll (E:\Users\Fede\Documents\DESA\backend\backend\controllers\mensajesController.js:24:26)
    at async E:\Users\Fede\Documents\DESA\backend\backend\services\sockets.js:12:28
[2022-03-13T21:40:24.628] [WARN] myWarn - Unhandled Rejection at: MongooseServerSelectionError: connection timed out
    at NativeConnection.Connection.openUri (E:\Users\Fede\Documents\DESA\backend\backend\node_modules\mongoose\lib\connection.js:797:32)
    at E:\Users\Fede\Documents\DESA\backend\backend\node_modules\mongoose\lib\index.js:330:10
    at E:\Users\Fede\Documents\DESA\backend\backend\node_modules\mongoose\lib\helpers\promiseOrCallback.js:32:5
    at new Promise (<anonymous>)
    at promiseOrCallback (E:\Users\Fede\Documents\DESA\backend\backend\node_modules\mongoose\lib\helpers\promiseOrCallback.js:31:10)
    at Mongoose._promiseOrCallback (E:\Users\Fede\Documents\DESA\backend\backend\node_modules\mongoose\lib\index.js:1151:10)
    at Mongoose.connect (E:\Users\Fede\Documents\DESA\backend\backend\node_modules\mongoose\lib\index.js:329:20)
    at Object.<anonymous> (E:\Users\Fede\Documents\DESA\backend\backend\contenedores\ContenedorMongo.js:5:10)
    at Module._compile (node:internal/modules/cjs/loader:1103:14)
    at Object.Module._extensions..js (node:internal/modules/cjs/loader:1155:10)
[2022-03-13T21:55:59.721] [WARN] myWarn - Unhandled Rejection at: TypeError: Cannot read properties of undefined (reading 'id')
    at asDto (E:\Users\Fede\Documents\DESA\backend\backend\mappers\mensajesMapper.js:36:21)
    at MensajesRepo.deleteAll (E:\Users\Fede\Documents\DESA\backend\backend\repositorios\MensajesRepo.js:28:21)
    at MensajesApi.eliminarMensajes (E:\Users\Fede\Documents\DESA\backend\backend\controllers\mensajesController.js:32:51)
    at Socket.<anonymous> (E:\Users\Fede\Documents\DESA\backend\backend\services\sockets.js:24:47)
    at Socket.emit (node:events:520:28)
    at Socket.emitUntyped (E:\Users\Fede\Documents\DESA\backend\backend\node_modules\socket.io\dist\typed-events.js:69:22)
    at E:\Users\Fede\Documents\DESA\backend\backend\node_modules\socket.io\dist\socket.js:466:39
    at processTicksAndRejections (node:internal/process/task_queues:78:11)
[2022-03-13T21:56:26.695] [WARN] myWarn - Unhandled Rejection at: TypeError: Cannot read properties of undefined (reading 'id')
    at asDto (E:\Users\Fede\Documents\DESA\backend\backend\mappers\mensajesMapper.js:36:21)
    at MensajesRepo.deleteAll (E:\Users\Fede\Documents\DESA\backend\backend\repositorios\MensajesRepo.js:28:21)
    at MensajesApi.eliminarMensajes (E:\Users\Fede\Documents\DESA\backend\backend\controllers\mensajesController.js:32:51)
    at Socket.<anonymous> (E:\Users\Fede\Documents\DESA\backend\backend\services\sockets.js:24:47)
    at Socket.emit (node:events:520:28)
    at Socket.emitUntyped (E:\Users\Fede\Documents\DESA\backend\backend\node_modules\socket.io\dist\typed-events.js:69:22)
    at E:\Users\Fede\Documents\DESA\backend\backend\node_modules\socket.io\dist\socket.js:466:39
    at processTicksAndRejections (node:internal/process/task_queues:78:11)
[2022-03-13T21:56:50.809] [WARN] myWarn - Unhandled Rejection at: TypeError: Cannot read properties of undefined (reading 'id')
    at asDto (E:\Users\Fede\Documents\DESA\backend\backend\mappers\mensajesMapper.js:36:21)
    at MensajesRepo.deleteAll (E:\Users\Fede\Documents\DESA\backend\backend\repositorios\MensajesRepo.js:28:21)
    at MensajesApi.eliminarMensajes (E:\Users\Fede\Documents\DESA\backend\backend\controllers\mensajesController.js:32:51)
    at Socket.<anonymous> (E:\Users\Fede\Documents\DESA\backend\backend\services\sockets.js:24:47)
    at Socket.emit (node:events:520:28)
    at Socket.emitUntyped (E:\Users\Fede\Documents\DESA\backend\backend\node_modules\socket.io\dist\typed-events.js:69:22)
    at E:\Users\Fede\Documents\DESA\backend\backend\node_modules\socket.io\dist\socket.js:466:39
    at processTicksAndRejections (node:internal/process/task_queues:78:11)
[2022-03-20T11:12:50.214] [WARN] myWarn - Unhandled Rejection at: MongooseServerSelectionError: connect ECONNREFUSED 127.0.0.1:27017
    at NativeConnection.Connection.openUri (C:\Users\U199629\Documents\Coderhouse\backend\backend\node_modules\mongoose\lib\connection.js:797:32)
    at C:\Users\U199629\Documents\Coderhouse\backend\backend\node_modules\mongoose\lib\index.js:330:10
    at C:\Users\U199629\Documents\Coderhouse\backend\backend\node_modules\mongoose\lib\helpers\promiseOrCallback.js:32:5
    at new Promise (<anonymous>)
    at promiseOrCallback (C:\Users\U199629\Documents\Coderhouse\backend\backend\node_modules\mongoose\lib\helpers\promiseOrCallback.js:31:10)
    at Mongoose._promiseOrCallback (C:\Users\U199629\Documents\Coderhouse\backend\backend\node_modules\mongoose\lib\index.js:1151:10)
    at Mongoose.connect (C:\Users\U199629\Documents\Coderhouse\backend\backend\node_modules\mongoose\lib\index.js:329:20)
    at Object.<anonymous> (C:\Users\U199629\Documents\Coderhouse\backend\backend\contenedores\ContenedorMongo.js:5:10)
    at Module._compile (internal/modules/cjs/loader.js:1072:14)
    at Object.Module._extensions..js (internal/modules/cjs/loader.js:1101:10)
[2022-03-20T11:12:51.594] [WARN] myWarn - Unhandled Rejection at: MongoServerSelectionError: connect ECONNREFUSED 127.0.0.1:27017
    at Timeout._onTimeout (C:\Users\U199629\Documents\Coderhouse\backend\backend\node_modules\mongodb\lib\sdam\topology.js:325:38)
    at listOnTimeout (internal/timers.js:557:17)
    at processTimers (internal/timers.js:500:7)
[2022-03-20T11:49:07.891] [WARN] myWarn - Unhandled Rejection at: MongooseError: Operation `usuarios.findOne()` buffering timed out after 10000ms
    at Timeout.<anonymous> (C:\Users\U199629\Documents\Coderhouse\backend\backend\node_modules\mongoose\lib\drivers\node-mongodb-native\collection.js:149:23)
    at listOnTimeout (internal/timers.js:557:17)
    at processTimers (internal/timers.js:500:7)
[2022-03-20T11:49:08.861] [WARN] myWarn - Unhandled Rejection at: MongooseServerSelectionError: connect ECONNREFUSED 127.0.0.1:27017
    at NativeConnection.Connection.openUri (C:\Users\U199629\Documents\Coderhouse\backend\backend\node_modules\mongoose\lib\connection.js:797:32)
    at C:\Users\U199629\Documents\Coderhouse\backend\backend\node_modules\mongoose\lib\index.js:330:10
    at C:\Users\U199629\Documents\Coderhouse\backend\backend\node_modules\mongoose\lib\helpers\promiseOrCallback.js:32:5
    at new Promise (<anonymous>)
    at promiseOrCallback (C:\Users\U199629\Documents\Coderhouse\backend\backend\node_modules\mongoose\lib\helpers\promiseOrCallback.js:31:10)
    at Mongoose._promiseOrCallback (C:\Users\U199629\Documents\Coderhouse\backend\backend\node_modules\mongoose\lib\index.js:1151:10)
    at Mongoose.connect (C:\Users\U199629\Documents\Coderhouse\backend\backend\node_modules\mongoose\lib\index.js:329:20)
    at Object.<anonymous> (C:\Users\U199629\Documents\Coderhouse\backend\backend\contenedores\ContenedorMongo.js:5:10)
    at Module._compile (internal/modules/cjs/loader.js:1072:14)
    at Object.Module._extensions..js (internal/modules/cjs/loader.js:1101:10)
[2022-03-20T11:49:10.342] [WARN] myWarn - Unhandled Rejection at: MongoServerSelectionError: connect ECONNREFUSED 127.0.0.1:27017
    at Timeout._onTimeout (C:\Users\U199629\Documents\Coderhouse\backend\backend\node_modules\mongodb\lib\sdam\topology.js:325:38)
    at listOnTimeout (internal/timers.js:557:17)
    at processTimers (internal/timers.js:500:7)
[2022-03-20T11:49:10.374] [WARN] myWarn - Unhandled Rejection at: MongooseError: Operation `usuarios.findOne()` buffering timed out after 10000ms
    at Timeout.<anonymous> (C:\Users\U199629\Documents\Coderhouse\backend\backend\node_modules\mongoose\lib\drivers\node-mongodb-native\collection.js:149:23)
    at listOnTimeout (internal/timers.js:557:17)
    at processTimers (internal/timers.js:500:7)
[2022-03-20T11:52:08.886] [WARN] myWarn - Password incorrecto!
[2022-03-20T11:52:09.860] [WARN] myWarn - Password incorrecto!
[2022-03-20T11:52:09.939] [WARN] myWarn - Password incorrecto!
[2022-03-20T11:52:10.014] [WARN] myWarn - Password incorrecto!
[2022-03-20T11:52:36.286] [WARN] myWarn - Password incorrecto!
[2022-03-20T11:52:41.477] [WARN] myWarn - Password incorrecto!
[2022-03-20T11:55:01.185] [WARN] myWarn - Password incorrecto!
[2022-03-20T11:58:32.186] [WARN] myWarn - Password incorrecto!
