[2022-03-24T10:31:50.745] [ERROR] myError - ReferenceError: render is not defined
    at obtenerProductos (E:\Users\Fede\Documents\DESA\backend\backend\controllers\productoController.js:51:9)
    at processTicksAndRejections (node:internal/process/task_queues:96:5)
[2022-03-28T00:20:57.996] [ERROR] myError - Error: productos validation failed: id: Path `id` is required.
    at ValidationError.inspect (E:\Users\Fede\Documents\DESA\backend\backend\node_modules\mongoose\lib\error\validation.js:48:26)
    at formatValue (node:internal/util/inspect:780:19)
    at inspect (node:internal/util/inspect:345:10)
    at formatWithOptionsInternal (node:internal/util/inspect:2165:40)
    at Object.format (node:internal/util/inspect:2019:10)
    at basicLayout (E:\Users\Fede\Documents\DESA\backend\backend\node_modules\log4js\lib\layouts.js:62:57)
    at app (E:\Users\Fede\Documents\DESA\backend\backend\node_modules\log4js\lib\appenders\file.js:64:23)
    at E:\Users\Fede\Documents\DESA\backend\backend\node_modules\log4js\lib\log4js.js:42:5
    at Array.forEach (<anonymous>)
    at sendLogEventToAppender (E:\Users\Fede\Documents\DESA\backend\backend\node_modules\log4js\lib\log4js.js:41:21) {
  errors: {
    id: ValidatorError: Path `id` is required.
        at validate (E:\Users\Fede\Documents\DESA\backend\backend\node_modules\mongoose\lib\schematype.js:1277:13)
        at E:\Users\Fede\Documents\DESA\backend\backend\node_modules\mongoose\lib\schematype.js:1260:7
        at Array.forEach (<anonymous>)
        at SchemaNumber.SchemaType.doValidate (E:\Users\Fede\Documents\DESA\backend\backend\node_modules\mongoose\lib\schematype.js:1210:14)
        at E:\Users\Fede\Documents\DESA\backend\backend\node_modules\mongoose\lib\document.js:2690:18
        at processTicksAndRejections (node:internal/process/task_queues:78:11) {
      properties: [Object],
      kind: 'required',
      path: 'id',
      value: undefined,
      reason: undefined,
      [Symbol(mongoose:validatorError)]: true
    }
  },
  _message: 'productos validation failed'
}
[2022-03-28T00:27:38.316] [ERROR] myError - Error: Error al guardar: SyntaxError: Unexpected token o in JSON at position 1
    at ProductosDaoMongo.guardar (E:\Users\Fede\Documents\DESA\backend\backend\contenedores\ContenedorMongo.js:29:19)
    at processTicksAndRejections (node:internal/process/task_queues:96:5)
    at async crearProducto (E:\Users\Fede\Documents\DESA\backend\backend\controllers\productoController.js:25:29)
[2022-03-28T20:33:43.306] [ERROR] myError - Error: Error al guardar: SyntaxError: Unexpected token o in JSON at position 1
    at ProductosDaoMongo.guardar (E:\Users\Fede\Documents\DESA\backend\backend\contenedores\ContenedorMongo.js:29:19)
    at processTicksAndRejections (node:internal/process/task_queues:96:5)
    at async crearProducto (E:\Users\Fede\Documents\DESA\backend\backend\controllers\productoController.js:25:29)
[2022-03-28T20:34:11.358] [ERROR] myError - Error: Error al guardar: SyntaxError: Unexpected token o in JSON at position 1
    at ProductosDaoMongo.guardar (E:\Users\Fede\Documents\DESA\backend\backend\contenedores\ContenedorMongo.js:29:19)
    at processTicksAndRejections (node:internal/process/task_queues:96:5)
    at async crearProducto (E:\Users\Fede\Documents\DESA\backend\backend\controllers\productoController.js:25:29)
[2022-03-28T20:35:02.128] [ERROR] myError - Error: Error al guardar: SyntaxError: Unexpected token o in JSON at position 1
    at ProductosDaoMongo.guardar (E:\Users\Fede\Documents\DESA\backend\backend\contenedores\ContenedorMongo.js:29:19)
    at processTicksAndRejections (node:internal/process/task_queues:96:5)
    at async crearProducto (E:\Users\Fede\Documents\DESA\backend\backend\controllers\productoController.js:25:29)
[2022-03-28T20:35:56.277] [ERROR] myError - Error: Error al guardar: SyntaxError: Unexpected token o in JSON at position 1
    at ProductosDaoMongo.guardar (E:\Users\Fede\Documents\DESA\backend\backend\contenedores\ContenedorMongo.js:29:19)
    at processTicksAndRejections (node:internal/process/task_queues:96:5)
    at async crearProducto (E:\Users\Fede\Documents\DESA\backend\backend\controllers\productoController.js:25:29)
[2022-03-28T20:36:01.307] [ERROR] myError - Error: Error al guardar: SyntaxError: Unexpected token o in JSON at position 1
    at ProductosDaoMongo.guardar (E:\Users\Fede\Documents\DESA\backend\backend\contenedores\ContenedorMongo.js:29:19)
    at processTicksAndRejections (node:internal/process/task_queues:96:5)
    at async crearProducto (E:\Users\Fede\Documents\DESA\backend\backend\controllers\productoController.js:25:29)
[2022-03-28T20:40:53.158] [ERROR] myError - Error: Error al guardar: SyntaxError: Unexpected token o in JSON at position 1
    at ProductosDaoMongo.guardar (E:\Users\Fede\Documents\DESA\backend\backend\contenedores\ContenedorMongo.js:29:19)
    at processTicksAndRejections (node:internal/process/task_queues:96:5)
    at async crearProducto (E:\Users\Fede\Documents\DESA\backend\backend\controllers\productoController.js:25:29)
[2022-03-28T20:41:30.893] [ERROR] myError - Error: Error al guardar: SyntaxError: Unexpected token o in JSON at position 1
    at ProductosDaoMongo.guardar (E:\Users\Fede\Documents\DESA\backend\backend\contenedores\ContenedorMongo.js:29:19)
    at processTicksAndRejections (node:internal/process/task_queues:96:5)
    at async crearProducto (E:\Users\Fede\Documents\DESA\backend\backend\controllers\productoController.js:25:29)
[2022-03-28T20:41:59.246] [ERROR] myError - Error: Error al guardar: SyntaxError: Unexpected token o in JSON at position 1
    at ProductosDaoMongo.guardar (E:\Users\Fede\Documents\DESA\backend\backend\contenedores\ContenedorMongo.js:29:19)
    at processTicksAndRejections (node:internal/process/task_queues:96:5)
    at async crearProducto (E:\Users\Fede\Documents\DESA\backend\backend\controllers\productoController.js:25:29)
[2022-03-28T20:43:17.290] [ERROR] myError - Error: Error al guardar: SyntaxError: Unexpected token o in JSON at position 1
    at ProductosDaoMongo.guardar (E:\Users\Fede\Documents\DESA\backend\backend\contenedores\ContenedorMongo.js:29:19)
    at processTicksAndRejections (node:internal/process/task_queues:96:5)
    at async crearProducto (E:\Users\Fede\Documents\DESA\backend\backend\controllers\productoController.js:25:29)
[2022-03-28T20:48:54.300] [ERROR] myError - Error: Error al guardar: SyntaxError: Unexpected token o in JSON at position 1
    at ProductosDaoMongo.guardar (E:\Users\Fede\Documents\DESA\backend\backend\contenedores\ContenedorMongo.js:29:19)
    at processTicksAndRejections (node:internal/process/task_queues:96:5)
    at async crearProducto (E:\Users\Fede\Documents\DESA\backend\backend\controllers\productoController.js:25:29)
[2022-03-28T20:50:20.488] [ERROR] myError - Error: Error al guardar: SyntaxError: Unexpected token o in JSON at position 1
    at ProductosDaoMongo.guardar (E:\Users\Fede\Documents\DESA\backend\backend\contenedores\ContenedorMongo.js:29:19)
    at processTicksAndRejections (node:internal/process/task_queues:96:5)
    at async crearProducto (E:\Users\Fede\Documents\DESA\backend\backend\controllers\productoController.js:25:29)
